181	test	99
727	test	99
2673	test	99
4535	test	99
4719	test	99
5584	test	99
6124	test	99
7388	test	99
7577	test	99
7881	test	99
8103	test	99
8436	test	99
9581	test	99
9890	test	99
9980	test	99
94	test	98
222	test	98
311	test	98
1161	test	98
1513	test	98
2425	test	98
2601	test	98
3187	test	98
4526	test	98
5782	test	98
6093	test	98
6870	test	98
8017	test	98
8668	test	98
8850	test	98
9277	test	98
182	test	97
291	test	97
756	test	97
1461	test	97
1738	test	97
3298	test	97
4208	test	97
5024	test	97
5269	test	97
5709	test	97
5887	test	97
5966	test	97
6313	test	97
6939	test	97
7033	test	97
7294	test	97
7657	test	97
7709	test	97
9531	test	97
9854	test	97
9975	test	97
92	test	96
225	test	96
557	test	96
720	test	96
1716	test	96
2526	test	96
3129	test	96
3172	test	96
3213	test	96
3590	test	96
4007	test	96
4067	test	96
4930	test	96
5408	test	96
6431	test	96
7333	test	96
9313	test	96
9321	test	96
9786	test	96
23	test	95
763	test	95
1689	test	95
1790	test	95
1838	test	95
2013	test	95
2740	test	95
2781	test	95
2887	test	95
3058	test	95
4799	test	95
4929	test	95
5125	test	95
6093	test	95
6231	test	95
7545	test	95
7602	test	95
7755	test	95
8036	test	95
9063	test	95
9443	test	95
156	test	94
929	test	94
1247	test	94
1805	test	94
1970	test	94
3672	test	94
3769	test	94
3851	test	94
3860	test	94
4068	test	94
4215	test	94
4379	test	94
5338	test	94
6138	test	94
6756	test	94
7164	test	94
9571	test	94
9684	test	94
9991	test	94
381	test	93
396	test	93
442	test	93
530	test	93
844	test	93
1669	test	93
1935	test	93
1958	test	93
1992	test	93
2188	test	93
2578	test	93
2615	test	93
2672	test	93
3006	test	93
3163	test	93
3651	test	93
3796	test	93
4497	test	93
5750	test	93
6665	test	93
6682	test	93
7840	test	93
8073	test	93
8561	test	93
8783	test	93
9532	test	93
9588	test	93
327	test	92
1480	test	92
1747	test	92
1878	test	92
2005	test	92
2055	test	92
3476	test	92
4111	test	92
4248	test	92
5131	test	92
5791	test	92
6065	test	92
6221	test	92
7141	test	92
7387	test	92
7673	test	92
8160	test	92
8343	test	92
8450	test	92
9149	test	92
9219	test	92
9995	test	92
143	test	91
156	test	91
609	test	91
888	test	91
1035	test	91
1377	test	91
1972	test	91
2332	test	91
3109	test	91
3512	test	91
4068	test	91
4677	test	91
4853	test	91
6085	test	91
6118	test	91
6235	test	91
6569	test	91
6937	test	91
7184	test	91
7185	test	91
8681	test	91
8857	test	91
8982	test	91
9999	test	91
1559	test	90
1590	test	90
1625	test	90
2675	test	90
2853	test	90
3011	test	90
3226	test	90
3290	test	90
3490	test	90
4361	test	90
4554	test	90
4702	test	90
5574	test	90
5989	test	90
6059	test	90
6098	test	90
6662	test	90
6887	test	90
7147	test	90
8128	test	90
8194	test	90
8410	test	90
8430	test	90
1276	test	89
1415	test	89
1871	test	89
1969	test	89
2992	test	89
3575	test	89
4413	test	89
4477	test	89
4736	test	89
5090	test	89
5096	test	89
5713	test	89
6399	test	89
6656	test	89
6672	test	89
6673	test	89
7136	test	89
7312	test	89
7645	test	89
9257	test	89
9656	test	89
386	test	88
634	test	88
744	test	88
1998	test	88
2140	test	88
2286	test	88
2562	test	88
2611	test	88
3572	test	88
3696	test	88
3744	test	88
3798	test	88
5049	test	88
6398	test	88
7646	test	88
7849	test	88
1113	test	87
1798	test	87
1811	test	87
1884	test	87
1912	test	87
2125	test	87
2774	test	87
2920	test	87
3737	test	87
3908	test	87
3950	test	87
4996	test	87
6003	test	87
6202	test	87
6209	test	87
6324	test	87
6626	test	87
6708	test	87
8246	test	87
8370	test	87
8708	test	87
9508	test	87
9898	test	87
862	test	86
915	test	86
2363	test	86
2392	test	86
3142	test	86
3399	test	86
3409	test	86
4168	test	86
4502	test	86
4782	test	86
5204	test	86
6833	test	86
7802	test	86
8708	test	86
8709	test	86
9399	test	86
516	test	85
2177	test	85
3030	test	85
3164	test	85
3250	test	85
3376	test	85
3473	test	85
3698	test	85
3923	test	85
4070	test	85
4075	test	85
4247	test	85
5319	test	85
5659	test	85
5671	test	85
6572	test	85
6770	test	85
7152	test	85
7220	test	85
7656	test	85
8526	test	85
8740	test	85
9641	test	85
63	test	84
314	test	84
851	test	84
1644	test	84
1859	test	84
2377	test	84
3203	test	84
3591	test	84
4057	test	84
4165	test	84
4802	test	84
5101	test	84
7675	test	84
8139	test	84
8414	test	84
8473	test	84
8482	test	84
8744	test	84
9358	test	84
9918	test	84
1086	test	83
1461	test	83
1659	test	83
3588	test	83
4140	test	83
4172	test	83
4787	test	83
5679	test	83
6789	test	83
7092	test	83
7665	test	83
8134	test	83
8144	test	83
8492	test	83
8760	test	83
9556	test	83
7	test	82
1290	test	82
1591	test	82
1897	test	82
1944	test	82
2038	test	82
2715	test	82
3036	test	82
3804	test	82
3824	test	82
3992	test	82
4104	test	82
4339	test	82
5174	test	82
5340	test	82
5751	test	82
6943	test	82
7544	test	82
7828	test	82
7885	test	82
8357	test	82
9681	test	82
9845	test	82
229	test	81
2421	test	81
3869	test	81
3909	test	81
4985	test	81
5398	test	81
5683	test	81
7581	test	81
9258	test	81
9495	test	81
964	test	80
1695	test	80
1819	test	80
2322	test	80
2436	test	80
3152	test	80
3663	test	80
4446	test	80
4556	test	80
5638	test	80
6092	test	80
6220	test	80
7832	test	80
8266	test	80
8847	test	80
243	test	79
798	test	79
835	test	79
876	test	79
1323	test	79
2001	test	79
2756	test	79
3088	test	79
3314	test	79
5783	test	79
5898	test	79
6097	test	79
6105	test	79
6172	test	79
7636	test	79
8428	test	79
8970	test	79
9027	test	79
9699	test	79
9825	test	79
146	test	78
249	test	78
305	test	78
697	test	78
843	test	78
1781	test	78
2188	test	78
2464	test	78
2498	test	78
2654	test	78
3217	test	78
3219	test	78
4010	test	78
4383	test	78
4985	test	78
5032	test	78
5083	test	78
6052	test	78
6342	test	78
6390	test	78
6425	test	78
6559	test	78
7046	test	78
7392	test	78
7401	test	78
7701	test	78
9617	test	78
569	test	77
782	test	77
1498	test	77
1873	test	77
2032	test	77
2084	test	77
2762	test	77
2794	test	77
2827	test	77
4634	test	77
6083	test	77
6387	test	77
7812	test	77
8337	test	77
8419	test	77
9140	test	77
522	test	76
705	test	76
738	test	76
1011	test	76
1583	test	76
1790	test	76
2077	test	76
2354	test	76
2583	test	76
2713	test	76
3416	test	76
3503	test	76
4400	test	76
4874	test	76
5221	test	76
6810	test	76
6850	test	76
6975	test	76
7702	test	76
8217	test	76
8438	test	76
8566	test	76
99	test	75
1859	test	75
2272	test	75
2453	test	75
2682	test	75
3008	test	75
3052	test	75
3236	test	75
3742	test	75
4339	test	75
5178	test	75
5286	test	75
5466	test	75
5575	test	75
5836	test	75
5841	test	75
8162	test	75
8689	test	75
8953	test	75
9519	test	75
253	test	74
894	test	74
1928	test	74
2229	test	74
2846	test	74
2997	test	74
3556	test	74
3673	test	74
3966	test	74
5521	test	74
5850	test	74
6544	test	74
6828	test	74
7074	test	74
7093	test	74
7142	test	74
8262	test	74
9627	test	74
0		73
295	test	73
805	test	73
1310	test	73
1526	test	73
1871	test	73
2114	test	73
2445	test	73
3856	test	73
5531	test	73
6255	test	73
7040	test	73
7608	test	73
8334	test	73
8579	test	73
8694	test	73
8933	test	73
9203	test	73
9940	test	73
491	test	72
551	test	72
1192	test	72
1296	test	72
1804	test	72
2157	test	72
2541	test	72
2542	test	72
3513	test	72
4625	test	72
4980	test	72
5133	test	72
6575	test	72
6655	test	72
6762	test	72
7558	test	72
8444	test	72
8717	test	72
8966	test	72
9832	test	72
9917	test	72
130	test	71
353	test	71
421	test	71
914	test	71
1181	test	71
1489	test	71
2303	test	71
2305	test	71
2345	test	71
2492	test	71
2753	test	71
3445	test	71
3505	test	71
3868	test	71
4865	test	71
5583	test	71
5735	test	71
6029	test	71
7051	test	71
7208	test	71
7286	test	71
8205	test	71
9502	test	71
9753	test	71
9848	test	71
1518	test	70
1691	test	70
2148	test	70
2237	test	70
2254	test	70
2283	test	70
2499	test	70
3095	test	70
3455	test	70
3639	test	70
4145	test	70
4408	test	70
4490	test	70
4843	test	70
5362	test	70
6300	test	70
7069	test	70
7355	test	70
8604	test	70
9872	test	70
395	test	69
1295	test	69
1705	test	69
1818	test	69
1865	test	69
2045	test	69
2690	test	69
2755	test	69
3577	test	69
5316	test	69
5326	test	69
5387	test	69
5750	test	69
6161	test	69
6697	test	69
6868	test	69
7626	test	69
9827	test	69
9855	test	69
9986	test	69
41	test	68
151	test	68
577	test	68
589	test	68
1602	test	68
1837	test	68
2074	test	68
2815	test	68
3168	test	68
3190	test	68
3442	test	68
4295	test	68
4555	test	68
4588	test	68
4968	test	68
5836	test	68
6118	test	68
6159	test	68
6887	test	68
8431	test	68
8467	test	68
8517	test	68
8777	test	68
8780	test	68
9258	test	68
1517	test	67
1706	test	67
1769	test	67
2596	test	67
2619	test	67
2806	test	67
3167	test	67
3288	test	67
3649	test	67
3662	test	67
4460	test	67
5327	test	67
5371	test	67
6435	test	67
7690	test	67
7855	test	67
8171	test	67
8819	test	67
9517	test	67
9550	test	67
1159	test	66
1343	test	66
1371	test	66
1693	test	66
2600	test	66
2871	test	66
3077	test	66
3078	test	66
5855	test	66
5866	test	66
6452	test	66
6529	test	66
6961	test	66
7217	test	66
7640	test	66
8028	test	66
8314	test	66
9177	test	66
9383	test	66
9590	test	66
132	test	65
198	test	65
265	test	65
604	test	65
860	test	65
1290	test	65
1423	test	65
1463	test	65
1716	test	65
2436	test	65
3555	test	65
3612	test	65
4124	test	65
4913	test	65
5088	test	65
5280	test	65
5984	test	65
6524	test	65
7198	test	65
7696	test	65
8276	test	65
8628	test	65
8796	test	65
9075	test	65
9116	test	65
9438	test	65
9943	test	65
185	test	64
608	test	64
880	test	64
966	test	64
2280	test	64
2670	test	64
2681	test	64
2756	test	64
2828	test	64
2863	test	64
3345	test	64
3638	test	64
4303	test	64
4422	test	64
4786	test	64
5023	test	64
5819	test	64
5959	test	64
6667	test	64
7067	test	64
7753	test	64
7986	test	64
8480	test	64
8618	test	64
9790	test	64
497	test	63
803	test	63
878	test	63
1007	test	63
1218	test	63
1303	test	63
1587	test	63
1664	test	63
2167	test	63
2187	test	63
3026	test	63
3156	test	63
3312	test	63
4611	test	63
5325	test	63
5989	test	63
6693	test	63
7409	test	63
7497	test	63
8355	test	63
8432	test	63
8630	test	63
8891	test	63
9161	test	63
99	test	62
128	test	62
1120	test	62
1145	test	62
1349	test	62
1751	test	62
2067	test	62
2148	test	62
2188	test	62
2623	test	62
2664	test	62
2670	test	62
3096	test	62
3604	test	62
3913	test	62
5471	test	62
6139	test	62
6456	test	62
6906	test	62
7513	test	62
8774	test	62
9275	test	62
9608	test	62
9960	test	62
31	test	61
1386	test	61
1473	test	61
1633	test	61
2085	test	61
2378	test	61
2560	test	61
2627	test	61
4026	test	61
4569	test	61
5505	test	61
6338	test	61
6769	test	61
7879	test	61
7905	test	61
7963	test	61
8343	test	61
8917	test	61
8955	test	61
9173	test	61
9606	test	61
9783	test	61
9941	test	61
2385	test	60
3694	test	60
3735	test	60
3916	test	60
5384	test	60
5689	test	60
5965	test	60
6308	test	60
6690	test	60
7077	test	60
7223	test	60
7380	test	60
7915	test	60
9029	test	60
9085	test	60
9467	test	60
9619	test	60
143	test	59
480	test	59
547	test	59
624	test	59
1196	test	59
1374	test	59
1540	test	59
1982	test	59
2399	test	59
2421	test	59
2449	test	59
3441	test	59
3789	test	59
4156	test	59
5203	test	59
5901	test	59
6310	test	59
7422	test	59
9420	test	59
9979	test	59
191	test	58
225	test	58
245	test	58
274	test	58
1190	test	58
2434	test	58
2647	test	58
3021	test	58
3531	test	58
3761	test	58
3766	test	58
3988	test	58
4074	test	58
4387	test	58
4755	test	58
5490	test	58
5815	test	58
6618	test	58
9136	test	58
581	test	57
1014	test	57
1939	test	57
1997	test	57
2488	test	57
2578	test	57
2812	test	57
4099	test	57
5058	test	57
6214	test	57
6699	test	57
7197	test	57
7450	test	57
8161	test	57
8321	test	57
8484	test	57
8917	test	57
9400	test	57
477	test	56
1323	test	56
1560	test	56
1978	test	56
2115	test	56
4037	test	56
4218	test	56
4396	test	56
4858	test	56
5681	test	56
7397	test	56
7767	test	56
8632	test	56
9222	test	56
9839	test	56
9931	test	56
9969	test	56
301	test	55
1301	test	55
1845	test	55
1849	test	55
1883	test	55
2164	test	55
2212	test	55
2500	test	55
3836	test	55
4234	test	55
5035	test	55
5191	test	55
5938	test	55
6016	test	55
6044	test	55
6758	test	55
8903	test	55
9090	test	55
9119	test	55
9985	test	55
96	test	54
396	test	54
397	test	54
592	test	54
606	test	54
799	test	54
913	test	54
1896	test	54
2157	test	54
2337	test	54
2402	test	54
2752	test	54
3085	test	54
3256	test	54
3898	test	54
4699	test	54
4763	test	54
5760	test	54
5868	test	54
5966	test	54
6058	test	54
7379	test	54
7946	test	54
9105	test	54
9295	test	54
9700	test	54
296	test	53
337	test	53
558	test	53
638	test	53
1115	test	53
1443	test	53
1767	test	53
1958	test	53
2745	test	53
3852	test	53
4408	test	53
4459	test	53
4849	test	53
4935	test	53
5394	test	53
7105	test	53
7237	test	53
7270	test	53
7847	test	53
8871	test	53
9340	test	53
9847	test	53
53	test	52
88	test	52
199	test	52
529	test	52
657	test	52
676	test	52
1174	test	52
1232	test	52
1651	test	52
2038	test	52
2905	test	52
3054	test	52
3677	test	52
4029	test	52
5190	test	52
5213	test	52
5731	test	52
6321	test	52
8018	test	52
8821	test	52
8898	test	52
9005	test	52
9543	test	52
230	test	51
549	test	51
772	test	51
1140	test	51
1530	test	51
2013	test	51
2269	test	51
2308	test	51
2483	test	51
3113	test	51
3253	test	51
4534	test	51
4612	test	51
5581	test	51
6098	test	51
7249	test	51
7668	test	51
7920	test	51
8357	test	51
8850	test	51
9019	test	51
9137	test	51
9388	test	51
9509	test	51
9937	test	51
476	test	50
1055	test	50
1285	test	50
1460	test	50
2449	test	50
3191	test	50
4259	test	50
4320	test	50
5154	test	50
5884	test	50
6665	test	50
6861	test	50
8050	test	50
8301	test	50
9646	test	50
41	test	49
800	test	49
824	test	49
1242	test	49
1411	test	49
2086	test	49
2909	test	49
2954	test	49
3704	test	49
4372	test	49
4458	test	49
5109	test	49
5198	test	49
5337	test	49
6551	test	49
6737	test	49
6756	test	49
7761	test	49
8193	test	49
8396	test	49
8590	test	49
8638	test	49
9088	test	49
9324	test	49
9489	test	49
579	test	48
1701	test	48
1875	test	48
2383	test	48
2610	test	48
2642	test	48
2736	test	48
3621	test	48
3681	test	48
4503	test	48
4632	test	48
4988	test	48
7683	test	48
7824	test	48
7898	test	48
8460	test	48
9692	test	48
753	test	47
1274	test	47
1330	test	47
1422	test	47
2089	test	47
2769	test	47
2793	test	47
3327	test	47
3402	test	47
4333	test	47
6405	test	47
6585	test	47
6914	test	47
7469	test	47
7561	test	47
8023	test	47
8434	test	47
8578	test	47
8608	test	47
8621	test	47
9428	test	47
61	test	46
293	test	46
711	test	46
1053	test	46
1597	test	46
1833	test	46
2002	test	46
2183	test	46
2337	test	46
2429	test	46
2701	test	46
3046	test	46
4210	test	46
5049	test	46
5485	test	46
6054	test	46
7191	test	46
7945	test	46
8855	test	46
186	test	45
495	test	45
604	test	45
619	test	45
900	test	45
970	test	45
1060	test	45
1475	test	45
1663	test	45
2335	test	45
2961	test	45
3809	test	45
3960	test	45
4890	test	45
4897	test	45
5570	test	45
5597	test	45
6483	test	45
7019	test	45
7621	test	45
7790	test	45
8154	test	45
8305	test	45
9056	test	45
9081	test	45
9168	test	45
9274	test	45
9335	test	45
96	test	44
183	test	44
377	test	44
484	test	44
839	test	44
1695	test	44
1883	test	44
2071	test	44
2640	test	44
3280	test	44
3441	test	44
3544	test	44
4837	test	44
6272	test	44
6705	test	44
6780	test	44
7448	test	44
8370	test	44
8530	test	44
9895	test	44
515	test	43
923	test	43
1502	test	43
1735	test	43
2145	test	43
2504	test	43
2672	test	43
2962	test	43
3316	test	43
3648	test	43
4153	test	43
4688	test	43
5197	test	43
5381	test	43
6229	test	43
6469	test	43
6895	test	43
9943	test	43
720	test	42
889	test	42
1145	test	42
1305	test	42
1318	test	42
2030	test	42
2853	test	42
3266	test	42
4483	test	42
4573	test	42
4601	test	42
4712	test	42
4744	test	42
6197	test	42
7136	test	42
7577	test	42
7633	test	42
8029	test	42
8868	test	42
9408	test	42
9606	test	42
9989	test	42
23	test	41
333	test	41
849	test	41
887	test	41
1162	test	41
1664	test	41
3190	test	41
3464	test	41
3633	test	41
3650	test	41
6006	test	41
7584	test	41
7722	test	41
7927	test	41
9110	test	41
9111	test	41
9127	test	41
303	test	40
371	test	40
627	test	40
931	test	40
1723	test	40
2085	test	40
2479	test	40
2950	test	40
3095	test	40
3952	test	40
4512	test	40
5473	test	40
5634	test	40
5730	test	40
6624	test	40
6720	test	40
7145	test	40
7924	test	40
151	test	39
323	test	39
1764	test	39
1827	test	39
2906	test	39
3384	test	39
5095	test	39
6111	test	39
6461	test	39
6789	test	39
7280	test	39
7637	test	39
7832	test	39
7970	test	39
9032	test	39
9861	test	39
248	test	38
314	test	38
838	test	38
1284	test	38
2104	test	38
2541	test	38
3469	test	38
3959	test	38
4108	test	38
4974	test	38
5361	test	38
5751	test	38
7232	test	38
7328	test	38
8194	test	38
9268	test	38
9924	test	38
64	test	37
218	test	37
363	test	37
1526	test	37
2028	test	37
2965	test	37
3434	test	37
4630	test	37
5270	test	37
6589	test	37
6965	test	37
7231	test	37
7309	test	37
7697	test	37
7978	test	37
8200	test	37
8968	test	37
9546	test	37
9835	test	37
59	test	36
67	test	36
798	test	36
1487	test	36
2101	test	36
2203	test	36
2975	test	36
3487	test	36
4514	test	36
4906	test	36
4912	test	36
5173	test	36
5369	test	36
5496	test	36
5560	test	36
5696	test	36
6106	test	36
9006	test	36
9774	test	36
204	test	35
324	test	35
419	test	35
963	test	35
969	test	35
1177	test	35
1184	test	35
1636	test	35
2273	test	35
2278	test	35
2856	test	35
4070	test	35
5312	test	35
6977	test	35
7149	test	35
7630	test	35
7745	test	35
8818	test	35
8827	test	35
9297	test	35
9420	test	35
1756	test	34
2287	test	34
2327	test	34
2736	test	34
2886	test	34
3600	test	34
3780	test	34
3789	test	34
3965	test	34
5042	test	34
6538	test	34
6705	test	34
6909	test	34
7708	test	34
8297	test	34
8742	test	34
9002	test	34
9605	test	34
9839	test	34
358	test	33
851	test	33
1034	test	33
1943	test	33
2023	test	33
3159	test	33
3228	test	33
3661	test	33
4196	test	33
4422	test	33
4715	test	33
4975	test	33
5584	test	33
8066	test	33
8615	test	33
9005	test	33
9173	test	33
9506	test	33
24	test	32
272	test	32
618	test	32
626	test	32
1703	test	32
1757	test	32
2233	test	32
2493	test	32
2563	test	32
2860	test	32
3101	test	32
3409	test	32
3880	test	32
4201	test	32
5446	test	32
6464	test	32
6706	test	32
6814	test	32
6879	test	32
6988	test	32
7752	test	32
8168	test	32
8247	test	32
8364	test	32
9424	test	32
9472	test	32
9527	test	32
623	test	31
773	test	31
2064	test	31
2177	test	31
2427	test	31
2701	test	31
3738	test	31
3886	test	31
3945	test	31
4052	test	31
4572	test	31
4669	test	31
4817	test	31
5618	test	31
6849	test	31
7288	test	31
7367	test	31
7491	test	31
7882	test	31
8138	test	31
8628	test	31
9025	test	31
9421	test	31
9475	test	31
9722	test	31
0		30
916	test	30
1855	test	30
3794	test	30
6398	test	30
8367	test	30
9468	test	30
9725	test	30
535	test	29
937	test	29
1502	test	29
2027	test	29
2458	test	29
2728	test	29
3127	test	29
3662	test	29
4733	test	29
5149	test	29
6069	test	29
6226	test	29
6531	test	29
8686	test	29
8915	test	29
9241	test	29
949	test	28
1136	test	28
1266	test	28
2365	test	28
2424	test	28
2571	test	28
2850	test	28
2877	test	28
3055	test	28
3315	test	28
3376	test	28
3382	test	28
4081	test	28
4490	test	28
4597	test	28
4870	test	28
4882	test	28
5247	test	28
5463	test	28
5596	test	28
5736	test	28
5896	test	28
6575	test	28
6709	test	28
6960	test	28
7123	test	28
7304	test	28
8342	test	28
8803	test	28
9488	test	28
121	test	27
305	test	27
433	test	27
656	test	27
1030	test	27
1204	test	27
1272	test	27
1455	test	27
3517	test	27
4058	test	27
4729	test	27
4969	test	27
5318	test	27
5927	test	27
6565	test	27
7531	test	27
8207	test	27
8760	test	27
9293	test	27
9432	test	27
9438	test	27
9851	test	27
2462	test	26
3762	test	26
3859	test	26
4084	test	26
4126	test	26
5048	test	26
5398	test	26
5843	test	26
7379	test	26
7557	test	26
7777	test	26
8445	test	26
9894	test	26
385	test	25
911	test	25
940	test	25
1068	test	25
1406	test	25
1460	test	25
2060	test	25
3163	test	25
3330	test	25
3811	test	25
4319	test	25
4843	test	25
6065	test	25
6350	test	25
6462	test	25
6707	test	25
7065	test	25
7582	test	25
7644	test	25
9348	test	25
62	test	24
760	test	24
1274	test	24
1553	test	24
2038	test	24
2163	test	24
2315	test	24
2555	test	24
2557	test	24
3145	test	24
3195	test	24
4569	test	24
4582	test	24
4848	test	24
5026	test	24
5137	test	24
5669	test	24
5850	test	24
6807	test	24
8021	test	24
9067	test	24
9207	test	24
9698	test	24
9761	test	24
950	test	23
1821	test	23
2414	test	23
3014	test	23
3103	test	23
3233	test	23
3565	test	23
3647	test	23
4122	test	23
4349	test	23
4542	test	23
5944	test	23
6337	test	23
7060	test	23
7359	test	23
9667	test	23
230	test	22
318	test	22
529	test	22
1000	test	22
1290	test	22
1523	test	22
1601	test	22
1729	test	22
2169	test	22
2256	test	22
2328	test	22
2411	test	22
4095	test	22
4297	test	22
5506	test	22
5568	test	22
5748	test	22
6253	test	22
6463	test	22
6580	test	22
6853	test	22
8069	test	22
8125	test	22
8233	test	22
8942	test	22
9312	test	22
9338	test	22
325	test	21
515	test	21
723	test	21
890	test	21
1067	test	21
1712	test	21
2094	test	21
2727	test	21
3917	test	21
4232	test	21
5896	test	21
6725	test	21
6821	test	21
7056	test	21
7303	test	21
7965	test	21
8138	test	21
8789	test	21
1193	test	20
1952	test	20
2823	test	20
2841	test	20
2958	test	20
4037	test	20
4117	test	20
4188	test	20
5533	test	20
5740	test	20
5967	test	20
6937	test	20
6968	test	20
7157	test	20
8061	test	20
8063	test	20
8189	test	20
8896	test	20
415	test	19
497	test	19
528	test	19
1807	test	19
1818	test	19
1892	test	19
1905	test	19
2029	test	19
2281	test	19
2479	test	19
3716	test	19
4351	test	19
4988	test	19
5476	test	19
6041	test	19
6051	test	19
6113	test	19
6945	test	19
6982	test	19
8597	test	19
8682	test	19
8827	test	19
8828	test	19
9374	test	19
32	test	18
291	test	18
634	test	18
770	test	18
3395	test	18
3819	test	18
4164	test	18
5305	test	18
5605	test	18
7960	test	18
8028	test	18
8526	test	18
9092	test	18
9164	test	18
9375	test	18
9599	test	18
9920	test	18
112	test	17
2100	test	17
2464	test	17
2484	test	17
2641	test	17
3681	test	17
5974	test	17
6217	test	17
6898	test	17
6932	test	17
7172	test	17
7665	test	17
7941	test	17
8666	test	17
9024	test	17
9880	test	17
578	test	16
604	test	16
728	test	16
892	test	16
1010	test	16
1279	test	16
1315	test	16
3334	test	16
3806	test	16
4150	test	16
4645	test	16
5432	test	16
5910	test	16
6247	test	16
6292	test	16
9419	test	16
1685	test	15
1786	test	15
2165	test	15
2190	test	15
2315	test	15
2562	test	15
3124	test	15
3180	test	15
3506	test	15
3673	test	15
4017	test	15
4382	test	15
8009	test	15
8993	test	15
1759	test	14
1857	test	14
2095	test	14
2516	test	14
2737	test	14
3397	test	14
3795	test	14
4266	test	14
6127	test	14
6144	test	14
7783	test	14
8810	test	14
8864	test	14
9524	test	14
222	test	13
627	test	13
649	test	13
856	test	13
2826	test	13
3632	test	13
4111	test	13
6378	test	13
6458	test	13
6606	test	13
6967	test	13
6973	test	13
6988	test	13
7658	test	13
7810	test	13
8834	test	13
9026	test	13
9166	test	13
151	test	12
256	test	12
455	test	12
513	test	12
1463	test	12
2661	test	12
2857	test	12
2925	test	12
2981	test	12
4411	test	12
6055	test	12
6142	test	12
6719	test	12
6868	test	12
7304	test	12
7703	test	12
7780	test	12
8514	test	12
8862	test	12
9222	test	12
167	test	11
221	test	11
275	test	11
945	test	11
1057	test	11
1299	test	11
1790	test	11
2290	test	11
2370	test	11
2457	test	11
2512	test	11
4134	test	11
4193	test	11
4266	test	11
4435	test	11
4636	test	11
5473	test	11
5568	test	11
5751	test	11
5842	test	11
7128	test	11
7184	test	11
7559	test	11
7731	test	11
7747	test	11
7812	test	11
8699	test	11
9322	test	11
9653	test	11
9689	test	11
76	test	10
777	test	10
2009	test	10
2488	test	10
2808	test	10
3213	test	10
5900	test	10
6394	test	10
6436	test	10
6853	test	10
7488	test	10
8600	test	10
9352	test	10
9554	test	10
153	test	9
496	test	9
816	test	9
888	test	9
1049	test	9
1261	test	9
1316	test	9
1411	test	9
1722	test	9
1746	test	9
1943	test	9
2172	test	9
2562	test	9
3363	test	9
3815	test	9
4491	test	9
4994	test	9
6684	test	9
6849	test	9
7502	test	9
7713	test	9
8081	test	9
9294	test	9
9356	test	9
9906	test	9
270	test	8
585	test	8
831	test	8
2066	test	8
2324	test	8
2627	test	8
3234	test	8
3288	test	8
6173	test	8
6296	test	8
7064	test	8
7145	test	8
7318	test	8
7779	test	8
8191	test	8
185	test	7
956	test	7
1021	test	7
1579	test	7
2489	test	7
2788	test	7
2907	test	7
2932	test	7
4702	test	7
4797	test	7
6225	test	7
7280	test	7
8756	test	7
9256	test	7
295	test	6
368	test	6
1064	test	6
1290	test	6
1341	test	6
1707	test	6
2040	test	6
2122	test	6
2344	test	6
2561	test	6
2627	test	6
2863	test	6
4216	test	6
4987	test	6
5196	test	6
5380	test	6
6174	test	6
6291	test	6
7820	test	6
7960	test	6
9249	test	6
9343	test	6
10	test	5
2139	test	5
2396	test	5
2653	test	5
2665	test	5
2719	test	5
3045	test	5
3633	test	5
3648	test	5
4313	test	5
4501	test	5
4675	test	5
6017	test	5
6307	test	5
279	test	4
637	test	4
696	test	4
1318	test	4
1676	test	4
1898	test	4
2150	test	4
2153	test	4
2534	test	4
2646	test	4
3092	test	4
3977	test	4
4020	test	4
4083	test	4
5126	test	4
5493	test	4
5533	test	4
5562	test	4
6760	test	4
6962	test	4
7129	test	4
7195	test	4
7523	test	4
7554	test	4
7595	test	4
8028	test	4
8492	test	4
8869	test	4
9598	test	4
904	test	3
945	test	3
1267	test	3
2751	test	3
2917	test	3
3496	test	3
3834	test	3
4561	test	3
4803	test	3
5683	test	3
6065	test	3
6183	test	3
6639	test	3
7513	test	3
7999	test	3
9751	test	3
49	test	2
676	test	2
892	test	2
929	test	2
929	test	2
1068	test	2
1697	test	2
1699	test	2
2265	test	2
2697	test	2
2809	test	2
5598	test	2
5999	test	2
6828	test	2
7062	test	2
7173	test	2
8190	test	2
8627	test	2
9490	test	2
9759	test	2
1044	test	1
2624	test	1
2655	test	1
2751	test	1
3215	test	1
3781	test	1
4024	test	1
4289	test	1
6021	test	1
6098	test	1
6906	test	1
7432	test	1
7486	test	1
7631	test	1
8007	test	1
8606	test	1
9396	test	1
9772	test	1
9917	test	1
373	test	0
1311	test	0
1343	test	0
1603	test	0
1767	test	0
2409	test	0
3484	test	0
3658	test	0
4107	test	0
4546	test	0
4593	test	0
6405	test	0
6726	test	0
7216	test	0
8013	test	0
9063	test	0
9224	test	0
9668	test	0
9880	test	0
